Copyright 1986-2018 Xilinx, Inc. All Rights Reserved.
-----------------------------------------------------------------------------------------------------------------------------------------------------------------------
| Tool Version : Vivado v.2018.2 (win64) Build 2258646 Thu Jun 14 20:03:12 MDT 2018
| Date         : Tue Oct 16 21:06:38 2018
| Host         : DESKTOP-8IKC5FR running 64-bit major release  (build 9200)
| Command      : report_methodology -file thinpad_top_methodology_drc_routed.rpt -pb thinpad_top_methodology_drc_routed.pb -rpx thinpad_top_methodology_drc_routed.rpx
| Design       : thinpad_top
| Device       : xc7a100tfgg676-2L
| Speed File   : -2L
| Design State : Routed
-----------------------------------------------------------------------------------------------------------------------------------------------------------------------

Report Methodology

Table of Contents
-----------------
1. REPORT SUMMARY
2. REPORT DETAILS

1. REPORT SUMMARY
-----------------
            Netlist: netlist
          Floorplan: design_1
      Design limits: <entire design considered>
             Max violations: <unlimited>
             Violations found: 42
+-----------+----------+-----------------------------+------------+
| Rule      | Severity | Description                 | Violations |
+-----------+----------+-----------------------------+------------+
| TIMING-17 | Warning  | Non-clocked sequential cell | 4          |
| TIMING-20 | Warning  | Non-clocked latch           | 38         |
+-----------+----------+-----------------------------+------------+

2. REPORT DETAILS
-----------------
TIMING-17#1 Warning
Non-clocked sequential cell  
The clock pin my_ALU/my_state_machine/FSM_onehot_current_state_reg[0]/C is not reached by a timing clock
Related violations: <none>

TIMING-17#2 Warning
Non-clocked sequential cell  
The clock pin my_ALU/my_state_machine/FSM_onehot_current_state_reg[1]/C is not reached by a timing clock
Related violations: <none>

TIMING-17#3 Warning
Non-clocked sequential cell  
The clock pin my_ALU/my_state_machine/FSM_onehot_current_state_reg[2]/C is not reached by a timing clock
Related violations: <none>

TIMING-17#4 Warning
Non-clocked sequential cell  
The clock pin my_ALU/my_state_machine/FSM_onehot_current_state_reg[3]/C is not reached by a timing clock
Related violations: <none>

TIMING-20#1 Warning
Non-clocked latch  
The latch my_ALU/my_compute_part/cflag_reg cannot be properly analyzed as its control pin my_ALU/my_compute_part/cflag_reg/G is not reached by a timing clock
Related violations: <none>

TIMING-20#2 Warning
Non-clocked latch  
The latch my_ALU/my_compute_part/input_A_reg[0] cannot be properly analyzed as its control pin my_ALU/my_compute_part/input_A_reg[0]/G is not reached by a timing clock
Related violations: <none>

TIMING-20#3 Warning
Non-clocked latch  
The latch my_ALU/my_compute_part/input_A_reg[10] cannot be properly analyzed as its control pin my_ALU/my_compute_part/input_A_reg[10]/G is not reached by a timing clock
Related violations: <none>

TIMING-20#4 Warning
Non-clocked latch  
The latch my_ALU/my_compute_part/input_A_reg[11] cannot be properly analyzed as its control pin my_ALU/my_compute_part/input_A_reg[11]/G is not reached by a timing clock
Related violations: <none>

TIMING-20#5 Warning
Non-clocked latch  
The latch my_ALU/my_compute_part/input_A_reg[12] cannot be properly analyzed as its control pin my_ALU/my_compute_part/input_A_reg[12]/G is not reached by a timing clock
Related violations: <none>

TIMING-20#6 Warning
Non-clocked latch  
The latch my_ALU/my_compute_part/input_A_reg[13] cannot be properly analyzed as its control pin my_ALU/my_compute_part/input_A_reg[13]/G is not reached by a timing clock
Related violations: <none>

TIMING-20#7 Warning
Non-clocked latch  
The latch my_ALU/my_compute_part/input_A_reg[14] cannot be properly analyzed as its control pin my_ALU/my_compute_part/input_A_reg[14]/G is not reached by a timing clock
Related violations: <none>

TIMING-20#8 Warning
Non-clocked latch  
The latch my_ALU/my_compute_part/input_A_reg[15] cannot be properly analyzed as its control pin my_ALU/my_compute_part/input_A_reg[15]/G is not reached by a timing clock
Related violations: <none>

TIMING-20#9 Warning
Non-clocked latch  
The latch my_ALU/my_compute_part/input_A_reg[1] cannot be properly analyzed as its control pin my_ALU/my_compute_part/input_A_reg[1]/G is not reached by a timing clock
Related violations: <none>

TIMING-20#10 Warning
Non-clocked latch  
The latch my_ALU/my_compute_part/input_A_reg[2] cannot be properly analyzed as its control pin my_ALU/my_compute_part/input_A_reg[2]/G is not reached by a timing clock
Related violations: <none>

TIMING-20#11 Warning
Non-clocked latch  
The latch my_ALU/my_compute_part/input_A_reg[3] cannot be properly analyzed as its control pin my_ALU/my_compute_part/input_A_reg[3]/G is not reached by a timing clock
Related violations: <none>

TIMING-20#12 Warning
Non-clocked latch  
The latch my_ALU/my_compute_part/input_A_reg[4] cannot be properly analyzed as its control pin my_ALU/my_compute_part/input_A_reg[4]/G is not reached by a timing clock
Related violations: <none>

TIMING-20#13 Warning
Non-clocked latch  
The latch my_ALU/my_compute_part/input_A_reg[5] cannot be properly analyzed as its control pin my_ALU/my_compute_part/input_A_reg[5]/G is not reached by a timing clock
Related violations: <none>

TIMING-20#14 Warning
Non-clocked latch  
The latch my_ALU/my_compute_part/input_A_reg[6] cannot be properly analyzed as its control pin my_ALU/my_compute_part/input_A_reg[6]/G is not reached by a timing clock
Related violations: <none>

TIMING-20#15 Warning
Non-clocked latch  
The latch my_ALU/my_compute_part/input_A_reg[7] cannot be properly analyzed as its control pin my_ALU/my_compute_part/input_A_reg[7]/G is not reached by a timing clock
Related violations: <none>

TIMING-20#16 Warning
Non-clocked latch  
The latch my_ALU/my_compute_part/input_A_reg[8] cannot be properly analyzed as its control pin my_ALU/my_compute_part/input_A_reg[8]/G is not reached by a timing clock
Related violations: <none>

TIMING-20#17 Warning
Non-clocked latch  
The latch my_ALU/my_compute_part/input_A_reg[9] cannot be properly analyzed as its control pin my_ALU/my_compute_part/input_A_reg[9]/G is not reached by a timing clock
Related violations: <none>

TIMING-20#18 Warning
Non-clocked latch  
The latch my_ALU/my_compute_part/input_B_reg[0] cannot be properly analyzed as its control pin my_ALU/my_compute_part/input_B_reg[0]/G is not reached by a timing clock
Related violations: <none>

TIMING-20#19 Warning
Non-clocked latch  
The latch my_ALU/my_compute_part/input_B_reg[0]_rep cannot be properly analyzed as its control pin my_ALU/my_compute_part/input_B_reg[0]_rep/G is not reached by a timing clock
Related violations: <none>

TIMING-20#20 Warning
Non-clocked latch  
The latch my_ALU/my_compute_part/input_B_reg[0]_rep__0 cannot be properly analyzed as its control pin my_ALU/my_compute_part/input_B_reg[0]_rep__0/G is not reached by a timing clock
Related violations: <none>

TIMING-20#21 Warning
Non-clocked latch  
The latch my_ALU/my_compute_part/input_B_reg[10] cannot be properly analyzed as its control pin my_ALU/my_compute_part/input_B_reg[10]/G is not reached by a timing clock
Related violations: <none>

TIMING-20#22 Warning
Non-clocked latch  
The latch my_ALU/my_compute_part/input_B_reg[11] cannot be properly analyzed as its control pin my_ALU/my_compute_part/input_B_reg[11]/G is not reached by a timing clock
Related violations: <none>

TIMING-20#23 Warning
Non-clocked latch  
The latch my_ALU/my_compute_part/input_B_reg[12] cannot be properly analyzed as its control pin my_ALU/my_compute_part/input_B_reg[12]/G is not reached by a timing clock
Related violations: <none>

TIMING-20#24 Warning
Non-clocked latch  
The latch my_ALU/my_compute_part/input_B_reg[13] cannot be properly analyzed as its control pin my_ALU/my_compute_part/input_B_reg[13]/G is not reached by a timing clock
Related violations: <none>

TIMING-20#25 Warning
Non-clocked latch  
The latch my_ALU/my_compute_part/input_B_reg[14] cannot be properly analyzed as its control pin my_ALU/my_compute_part/input_B_reg[14]/G is not reached by a timing clock
Related violations: <none>

TIMING-20#26 Warning
Non-clocked latch  
The latch my_ALU/my_compute_part/input_B_reg[15] cannot be properly analyzed as its control pin my_ALU/my_compute_part/input_B_reg[15]/G is not reached by a timing clock
Related violations: <none>

TIMING-20#27 Warning
Non-clocked latch  
The latch my_ALU/my_compute_part/input_B_reg[1] cannot be properly analyzed as its control pin my_ALU/my_compute_part/input_B_reg[1]/G is not reached by a timing clock
Related violations: <none>

TIMING-20#28 Warning
Non-clocked latch  
The latch my_ALU/my_compute_part/input_B_reg[2] cannot be properly analyzed as its control pin my_ALU/my_compute_part/input_B_reg[2]/G is not reached by a timing clock
Related violations: <none>

TIMING-20#29 Warning
Non-clocked latch  
The latch my_ALU/my_compute_part/input_B_reg[3] cannot be properly analyzed as its control pin my_ALU/my_compute_part/input_B_reg[3]/G is not reached by a timing clock
Related violations: <none>

TIMING-20#30 Warning
Non-clocked latch  
The latch my_ALU/my_compute_part/input_B_reg[4] cannot be properly analyzed as its control pin my_ALU/my_compute_part/input_B_reg[4]/G is not reached by a timing clock
Related violations: <none>

TIMING-20#31 Warning
Non-clocked latch  
The latch my_ALU/my_compute_part/input_B_reg[5] cannot be properly analyzed as its control pin my_ALU/my_compute_part/input_B_reg[5]/G is not reached by a timing clock
Related violations: <none>

TIMING-20#32 Warning
Non-clocked latch  
The latch my_ALU/my_compute_part/input_B_reg[6] cannot be properly analyzed as its control pin my_ALU/my_compute_part/input_B_reg[6]/G is not reached by a timing clock
Related violations: <none>

TIMING-20#33 Warning
Non-clocked latch  
The latch my_ALU/my_compute_part/input_B_reg[7] cannot be properly analyzed as its control pin my_ALU/my_compute_part/input_B_reg[7]/G is not reached by a timing clock
Related violations: <none>

TIMING-20#34 Warning
Non-clocked latch  
The latch my_ALU/my_compute_part/input_B_reg[8] cannot be properly analyzed as its control pin my_ALU/my_compute_part/input_B_reg[8]/G is not reached by a timing clock
Related violations: <none>

TIMING-20#35 Warning
Non-clocked latch  
The latch my_ALU/my_compute_part/input_B_reg[9] cannot be properly analyzed as its control pin my_ALU/my_compute_part/input_B_reg[9]/G is not reached by a timing clock
Related violations: <none>

TIMING-20#36 Warning
Non-clocked latch  
The latch my_ALU/my_compute_part/oflag_reg cannot be properly analyzed as its control pin my_ALU/my_compute_part/oflag_reg/G is not reached by a timing clock
Related violations: <none>

TIMING-20#37 Warning
Non-clocked latch  
The latch my_ALU/my_compute_part/sflag_reg cannot be properly analyzed as its control pin my_ALU/my_compute_part/sflag_reg/G is not reached by a timing clock
Related violations: <none>

TIMING-20#38 Warning
Non-clocked latch  
The latch my_ALU/my_compute_part/zflag_reg cannot be properly analyzed as its control pin my_ALU/my_compute_part/zflag_reg/G is not reached by a timing clock
Related violations: <none>


