Copyright 1986-2018 Xilinx, Inc. All Rights Reserved.
----------------------------------------------------------------------------------------
| Tool Version : Vivado v.2018.2 (win64) Build 2258646 Thu Jun 14 20:03:12 MDT 2018
| Date         : Tue Oct 16 21:05:53 2018
| Host         : DESKTOP-8IKC5FR running 64-bit major release  (build 9200)
| Command      : report_control_sets -verbose -file thinpad_top_control_sets_placed.rpt
| Design       : thinpad_top
| Device       : xc7a100t
----------------------------------------------------------------------------------------

Control Set Information

Table of Contents
-----------------
1. Summary
2. Histogram
3. Flip-Flop Distribution
4. Detailed Control Set Information

1. Summary
----------

+----------------------------------------------------------+-------+
|                          Status                          | Count |
+----------------------------------------------------------+-------+
| Number of unique control sets                            |     4 |
| Unused register locations in slices containing registers |     4 |
+----------------------------------------------------------+-------+


2. Histogram
------------

+--------+--------------+
| Fanout | Control Sets |
+--------+--------------+
|      8 |            2 |
|    16+ |            2 |
+--------+--------------+


3. Flip-Flop Distribution
-------------------------

+--------------+-----------------------+------------------------+-----------------+--------------+
| Clock Enable | Synchronous Set/Reset | Asynchronous Set/Reset | Total Registers | Total Slices |
+--------------+-----------------------+------------------------+-----------------+--------------+
| No           | No                    | No                     |              76 |           15 |
| No           | No                    | Yes                    |               8 |            1 |
| No           | Yes                   | No                     |               0 |            0 |
| Yes          | No                    | No                     |               0 |            0 |
| Yes          | No                    | Yes                    |               0 |            0 |
| Yes          | Yes                   | No                     |               0 |            0 |
+--------------+-----------------------+------------------------+-----------------+--------------+


4. Detailed Control Set Information
-----------------------------------

+---------------------------------------+---------------+------------------+------------------+----------------+
|              Clock Signal             | Enable Signal | Set/Reset Signal | Slice Load Count | Bel Load Count |
+---------------------------------------+---------------+------------------+------------------+----------------+
|  my_ALU/my_state_machine/leds[0]      |               |                  |                2 |              8 |
|  clock_btn_IBUF_BUFG                  |               | reset_btn_IBUF   |                1 |              8 |
|  my_ALU/my_state_machine/E[0]         |               |                  |                6 |             32 |
|  my_ALU/my_state_machine/leds[0]_0[0] |               |                  |                7 |             36 |
+---------------------------------------+---------------+------------------+------------------+----------------+


